Arguments: 
  C:\Program Files\nodejs\node.exe C:\Users\nicol\AppData\Roaming\npm\node_modules\yarn\bin\yarn.js add @typescript-eslint/eslint-plugin@latest eslint-config-airbnb-base@latest eslint@^7.32.0 ^8.2.0 eslint-plugin-import@^2.25.2 @typescript-eslint/parser@latest

PATH: 
  C:\Program Files\Common Files\Oracle\Java\javapath;C:\Program Files (x86)\Common Files\Oracle\Java\javapath;C:\Windows\system32;C:\Windows;C:\Windows\System32\Wbem;C:\Windows\System32\WindowsPowerShell\v1.0\;C:\Windows\System32\OpenSSH\;C:\Program Files\Git\cmd;C:\Users\nicol\AppData\Roaming\nvm;C:\Program Files\nodejs;C:\Program Files\Docker\Docker\resources\bin;C:\ProgramData\DockerDesktop\version-bin;C:\Program Files\dotnet\;C:\Program Files\Microsoft SQL Server\130\Tools\Binn\;C:\Program Files\Microsoft SQL Server\Client SDK\ODBC\170\Tools\Binn\;C:\Gradle\gradle-6.9.1\bin;C:\Gradle\gradle-6.9.1\bin;C:\Program Files\MySQL\MySQL Shell 8.0\bin\;C:\Users\nicol\AppData\Local\Programs\Python\Python39\Scripts\;C:\Users\nicol\AppData\Local\Programs\Python\Python39\;C:\Users\nicol\AppData\Local\Microsoft\WindowsApps;C:\Users\nicol\AppData\Local\Programs\Microsoft VS Code\bin;C:\Users\nicol\AppData\Local\gitkraken\bin;C:\Program Files\JetBrains\WebStorm 2020.3.2\bin;;C:\Program Files\JetBrains\IntelliJ IDEA Community Edition 2021.1\bin;;C:\Users\nicol\AppData\Roaming\npm;C:\Users\nicol\AppData\Roaming\nvm;C:\Program Files\nodejs;C:\Program Files\heroku\bin;C:\Program Files\JetBrains\PyCharm 2021.2\bin;;C:\Program Files\JetBrains\IntelliJ IDEA 2021.2\bin;;C:\Users\nicol\.dotnet\tools

Yarn version: 
  1.22.10

Node version: 
  16.9.1

Platform: 
  win32 x64

Trace: 
  Error: https://registry.yarnpkg.com/%5E8.2.0: Not found
      at Request.params.callback [as _callback] (C:\Users\nicol\AppData\Roaming\npm\node_modules\yarn\lib\cli.js:66988:18)
      at Request.self.callback (C:\Users\nicol\AppData\Roaming\npm\node_modules\yarn\lib\cli.js:140662:22)
      at Request.emit (node:events:394:28)
      at Request.<anonymous> (C:\Users\nicol\AppData\Roaming\npm\node_modules\yarn\lib\cli.js:141634:10)
      at Request.emit (node:events:394:28)
      at IncomingMessage.<anonymous> (C:\Users\nicol\AppData\Roaming\npm\node_modules\yarn\lib\cli.js:141556:12)
      at Object.onceWrapper (node:events:513:28)
      at IncomingMessage.emit (node:events:406:35)
      at endReadableNT (node:internal/streams/readable:1343:12)
      at processTicksAndRejections (node:internal/process/task_queues:83:21)

npm manifest: 
  {
    "name": "server-template",
    "version": "1.0.0",
    "main": "index.js",
    "license": "MIT"
  }

yarn manifest: 
  No manifest

Lockfile: 
  No lockfile
